SF:lib\core\data\models\BasicNameIdObjectModel.dart
DA:4,1
DA:7,1
DA:9,1
DA:10,1
DA:11,1
DA:12,1
LF:6
LH:6
end_of_record
SF:lib\Constants\Colors.dart
DA:6,0
DA:7,0
DA:8,0
DA:9,0
DA:10,0
DA:11,0
DA:12,0
DA:13,0
DA:14,0
DA:16,0
DA:18,0
DA:20,0
DA:21,0
DA:22,0
DA:23,0
DA:24,0
DA:25,0
DA:26,0
DA:27,0
DA:28,0
DA:31,0
DA:33,0
DA:36,0
DA:37,0
DA:38,0
DA:39,0
DA:40,0
DA:44,0
DA:47,0
DA:48,0
DA:49,0
DA:50,0
DA:51,0
DA:52,0
DA:53,0
LF:35
LH:0
end_of_record
SF:lib\core\Http\httpRepo.dart
DA:11,4
DA:13,0
DA:14,0
DA:15,0
DA:16,0
DA:18,0
DA:20,0
DA:22,0
DA:23,0
DA:24,0
DA:38,0
DA:41,0
DA:42,0
DA:43,0
DA:44,0
DA:48,0
DA:51,0
DA:52,0
DA:53,0
DA:54,0
DA:58,0
DA:61,0
DA:62,0
DA:63,0
DA:64,0
LF:25
LH:1
end_of_record
SF:lib\core\constants\remoteConstants.dart
DA:9,12
DA:10,0
DA:11,0
DA:12,0
DA:17,0
DA:18,0
DA:21,0
DA:22,0
DA:23,0
DA:26,0
DA:27,0
LF:11
LH:1
end_of_record
SF:lib\core\constants\enums\enums.dart
DA:3,5
DA:4,5
DA:5,30
DA:6,0
DA:9,0
DA:11,1
DA:13,1
LF:7
LH:5
end_of_record
SF:lib\core\data\dataSources\loginStatusDataSource.dart
DA:19,1
DA:21,1
DA:24,1
DA:25,1
DA:27,1
DA:29,2
DA:30,2
DA:32,1
DA:33,1
DA:35,3
DA:36,3
DA:38,0
LF:12
LH:11
end_of_record
SF:lib\core\error\exception.dart
DA:1,1
DA:3,1
DA:4,1
DA:5,0
DA:6,0
DA:7,0
DA:8,0
DA:9,0
DA:10,0
DA:11,0
DA:12,0
DA:13,0
DA:14,0
DA:16,0
DA:26,1
DA:34,1
DA:50,2
LF:17
LH:6
end_of_record
SF:lib\data\authentication\models\UserModel.dart
DA:8,5
DA:15,5
DA:24,5
DA:25,5
DA:26,5
DA:27,5
DA:28,5
DA:29,5
DA:30,5
DA:31,5
LF:10
LH:10
end_of_record
SF:lib\core\domain\entities\BasicNameIdObjectEntity.dart
DA:7,1
DA:12,1
DA:14,3
LF:3
LH:3
end_of_record
SF:lib\core\data\repositories\loginStatusRepoImpl.dart
DA:13,1
DA:15,1
DA:18,2
DA:19,1
DA:20,1
DA:21,2
DA:22,1
DA:23,2
LF:8
LH:8
end_of_record
SF:lib\core\error\failure.dart
DA:8,2
DA:9,2
DA:10,2
DA:11,2
DA:12,0
DA:13,2
DA:14,0
DA:15,2
DA:16,0
DA:17,2
DA:18,0
DA:19,2
DA:20,0
DA:21,2
DA:22,0
DA:23,2
DA:24,0
DA:25,2
DA:26,2
DA:27,2
DA:28,2
DA:30,1
DA:33,26
DA:37,10
DA:38,10
DA:42,2
DA:43,2
DA:49,4
DA:51,4
DA:52,8
DA:58,1
DA:60,1
DA:61,2
DA:65,0
DA:67,0
DA:75,0
DA:77,0
DA:79,0
DA:83,0
DA:85,0
DA:89,0
DA:91,0
DA:95,0
DA:97,0
DA:101,0
DA:103,0
DA:109,3
DA:111,2
DA:113,2
DA:117,1
DA:119,1
LF:51
LH:31
end_of_record
SF:lib\domain\authentication\entities\UserEntity.dart
DA:14,4
DA:16,4
DA:17,4
DA:18,4
DA:19,4
DA:20,4
DA:21,4
DA:22,4
DA:25,6
LF:9
LH:9
end_of_record
SF:lib\core\domain\useCases\checkLogInStatus.dart
DA:9,1
DA:10,1
DA:12,2
LF:3
LH:3
end_of_record
SF:lib\core\useCases\useCases.dart
DA:11,1
DA:13,1
LF:2
LH:2
end_of_record
SF:lib\data\authentication\dataSources\aut_ASP_DataSource.dart
DA:19,1
DA:21,1
DA:25,5
DA:27,1
DA:28,1
DA:30,3
DA:31,3
DA:33,1
DA:38,0
DA:41,0
LF:10
LH:8
end_of_record
SF:lib\domain\authentication\useCases\loginUseCase.dart
DA:11,1
DA:12,1
DA:14,2
DA:21,4
DA:22,0
DA:24,0
DA:26,1
DA:27,1
DA:28,1
DA:29,1
LF:10
LH:8
end_of_record
SF:lib\Models\DTOs\DropDownDTO.dart
DA:5,0
DA:7,0
DA:9,0
DA:12,0
DA:14,0
DA:17,0
DA:18,0
DA:19,0
DA:20,0
LF:9
LH:0
end_of_record
SF:lib\data\authentication\repositories\authenticationRepoImpl.dart
DA:14,1
DA:15,1
DA:17,1
DA:19,2
DA:20,2
DA:21,2
DA:22,2
DA:23,1
DA:24,1
DA:25,2
DA:26,1
DA:27,2
DA:31,0
DA:34,0
LF:14
LH:12
end_of_record
SF:lib\data\patients\dataSrouces\addOrRemoveMyPatientsDataSource.dart
DA:17,1
DA:19,1
DA:23,6
DA:24,1
DA:25,1
DA:27,2
DA:28,1
DA:31,1
DA:35,4
DA:36,1
DA:37,1
DA:39,2
DA:40,1
DA:45,0
DA:48,0
LF:15
LH:13
end_of_record
SF:lib\domain\patients\usecases\addRangeToMyPatientsUseCase.dart
DA:10,1
DA:11,1
DA:13,3
DA:14,2
DA:16,2
DA:23,3
DA:24,0
DA:26,0
LF:8
LH:6
end_of_record
SF:lib\data\patients\models\patientSearchResponseModel.dart
DA:9,1
DA:10,1
DA:11,1
DA:12,1
DA:13,1
DA:14,1
DA:15,1
DA:16,1
DA:17,1
DA:18,1
DA:19,1
DA:20,1
DA:21,1
DA:22,1
DA:23,1
DA:24,1
DA:25,1
DA:26,1
DA:27,1
DA:28,1
DA:29,1
DA:30,1
DA:32,5
DA:53,5
DA:75,5
DA:76,5
DA:77,5
DA:78,5
DA:79,10
DA:80,5
DA:81,20
DA:82,10
DA:83,5
DA:84,5
DA:85,5
DA:86,5
DA:87,5
DA:88,5
DA:89,5
DA:90,5
DA:91,5
DA:92,5
DA:93,5
DA:94,5
DA:95,5
DA:96,5
DA:100,1
DA:101,1
DA:102,1
DA:103,1
DA:104,2
DA:105,1
DA:106,2
DA:107,1
DA:108,1
DA:109,1
DA:110,1
DA:111,1
DA:112,1
DA:113,1
DA:114,1
DA:115,1
LF:62
LH:62
end_of_record
SF:lib\data\patients\dataSrouces\patientSearchDataSource.dart
DA:28,1
DA:30,1
DA:33,2
DA:34,1
DA:35,3
DA:36,1
DA:40,2
DA:41,2
DA:44,1
DA:46,2
DA:47,2
DA:50,6
DA:52,1
DA:56,1
DA:60,2
DA:61,2
DA:64,1
DA:66,4
DA:68,3
DA:70,1
DA:74,1
DA:78,2
DA:79,2
DA:82,1
DA:84,4
DA:86,2
DA:88,1
DA:92,1
DA:96,2
DA:97,2
DA:100,1
DA:102,4
DA:103,1
DA:106,1
DA:110,5
DA:112,1
DA:114,4
DA:118,1
DA:122,4
DA:123,4
DA:124,1
DA:126,1
LF:42
LH:42
end_of_record
SF:lib\domain\patients\entities\patientInfoEntity.dart
DA:26,7
DA:48,4
DA:50,4
DA:51,4
DA:52,4
DA:53,4
DA:54,4
DA:55,4
DA:56,4
DA:57,4
DA:58,4
DA:59,4
DA:60,4
DA:61,4
DA:62,4
DA:63,4
DA:64,4
DA:65,4
DA:66,4
DA:67,4
DA:68,4
DA:69,4
DA:70,4
LF:23
LH:23
end_of_record
SF:lib\domain\patients\usecases\patientSearchUseCase.dart
DA:12,1
DA:14,1
DA:16,2
DA:25,4
DA:27,1
DA:29,4
LF:6
LH:6
end_of_record
SF:lib\data\patients\repositories\addOrRemoveMyPatientsRepoImpl.dart
DA:14,1
DA:15,1
DA:18,2
DA:19,1
DA:20,1
DA:22,2
DA:27,1
DA:30,2
DA:31,1
DA:32,1
DA:34,2
DA:38,0
DA:41,0
LF:13
LH:11
end_of_record
SF:lib\data\patients\repositories\patientInfoRepoImpl.dart
DA:14,1
DA:16,1
DA:19,2
DA:20,1
DA:21,1
DA:23,2
DA:29,1
DA:32,3
DA:33,1
DA:34,1
DA:36,2
DA:40,1
DA:43,2
DA:44,1
DA:45,1
DA:47,2
DA:51,1
DA:54,2
DA:55,1
DA:56,1
DA:58,2
DA:62,1
DA:65,2
DA:66,1
DA:67,1
DA:69,2
DA:73,1
DA:76,2
DA:77,1
DA:78,1
DA:80,2
LF:31
LH:31
end_of_record
SF:lib\domain\patients\usecases\addToMyPatientsUseCase.dart
DA:14,1
DA:16,1
DA:18,2
DA:19,1
DA:20,1
DA:21,1
DA:23,1
DA:24,1
DA:26,5
DA:27,2
LF:10
LH:10
end_of_record
SF:lib\domain\patients\usecases\checkDuplicateIdUseCase.dart
DA:9,1
DA:10,1
DA:12,2
LF:3
LH:3
end_of_record
SF:lib\domain\patients\usecases\getNextAvailableIdUseCase.dart
DA:9,1
DA:10,1
DA:12,2
LF:3
LH:3
end_of_record
SF:lib\domain\patients\usecases\checkDuplicateNumberUseCase.dart
DA:13,1
DA:15,1
DA:17,2
DA:18,1
DA:19,1
DA:20,1
DA:22,1
DA:23,2
LF:8
LH:8
end_of_record
SF:lib\domain\patients\usecases\createPatientUseCase.dart
DA:11,1
DA:13,1
DA:15,3
DA:16,3
DA:17,1
DA:18,0
DA:19,0
DA:21,1
DA:22,1
DA:23,2
DA:25,2
LF:11
LH:9
end_of_record
SF:lib\presentation\authentication\bloc\authentication_bloc.dart
DA:17,1
DA:20,2
DA:21,1
DA:22,1
DA:23,2
DA:24,3
DA:25,1
DA:26,1
DA:27,1
DA:28,2
DA:29,3
DA:31,1
DA:32,2
DA:37,1
DA:38,1
DA:39,3
DA:40,1
DA:41,1
DA:42,2
DA:44,1
DA:45,2
LF:21
LH:21
end_of_record
SF:lib\presentation\authentication\bloc\authentication_blocEvents.dart
DA:6,1
LF:1
LH:1
end_of_record
SF:lib\presentation\authentication\bloc\authentication_blocStates.dart
DA:5,1
DA:8,1
DA:10,1
DA:14,1
DA:16,1
DA:18,2
DA:21,1
DA:23,1
DA:27,1
DA:29,1
DA:31,2
LF:11
LH:11
end_of_record
SF:lib\presentation\patients\bloc\patientSeachBlocEvents.dart
DA:5,1
DA:10,2
DA:12,0
DA:14,0
DA:21,0
DA:23,0
DA:25,0
DA:29,0
DA:30,0
DA:32,0
LF:10
LH:2
end_of_record
SF:lib\presentation\patients\bloc\patientSeachBlocStates.dart
DA:8,1
DA:10,1
DA:16,1
DA:18,1
DA:20,2
DA:25,0
DA:27,0
DA:31,1
DA:32,1
DA:34,2
LF:10
LH:8
end_of_record
SF:lib\presentation\patients\bloc\patientSearchBloc.dart
DA:22,3
DA:23,1
DA:24,1
DA:25,2
DA:26,5
DA:27,1
DA:28,1
DA:29,1
DA:30,2
DA:31,3
DA:33,1
DA:34,2
DA:39,1
DA:40,0
DA:48,0
DA:49,0
DA:50,0
DA:51,0
DA:62,0
DA:64,0
DA:65,0
DA:66,0
DA:67,0
DA:68,0
DA:69,0
DA:70,0
DA:71,0
DA:72,0
DA:73,0
DA:74,0
DA:75,0
DA:76,0
DA:78,0
DA:79,0
DA:80,0
DA:81,0
DA:82,0
DA:86,0
DA:87,0
DA:88,0
DA:89,0
DA:90,0
DA:93,0
DA:97,0
DA:99,0
DA:100,0
DA:101,0
DA:102,0
DA:103,0
DA:104,0
DA:105,0
DA:106,0
DA:107,0
DA:109,0
DA:115,0
DA:116,0
DA:118,0
DA:120,0
DA:121,0
DA:122,0
DA:123,0
DA:125,0
DA:127,0
DA:130,0
DA:132,0
DA:133,0
LF:66
LH:13
end_of_record
SF:lib\presentation\patients\bloc\addOrRemoveMyPatientsBloc.dart
DA:15,0
DA:17,0
DA:18,0
DA:19,0
DA:20,0
DA:21,0
DA:22,0
DA:23,0
DA:24,0
DA:26,0
DA:27,0
DA:32,0
DA:33,0
DA:34,0
DA:35,0
DA:36,0
DA:37,0
DA:38,0
DA:39,0
DA:41,0
DA:42,0
LF:21
LH:0
end_of_record
SF:lib\presentation\patients\bloc\addOrRemoveMyPatientsBloc_states.dart
DA:5,0
DA:7,0
DA:9,0
DA:11,0
DA:14,0
DA:16,0
DA:20,0
DA:21,0
DA:23,0
LF:9
LH:0
end_of_record
